<?xml version="1.0" encoding="UTF-8"?>
<!-- Generated by org.testng.reporters.JUnitReportReporter -->
<testsuite hostname="SYNBLRLT9161DGM" failures="0" tests="1" name="com.Swag_Labs.Assignments.Assignments" time="8.510" errors="0" timestamp="23 Oct 2025 09:50:04 GMT" skipped="0">
  <testcase classname="com.Swag_Labs.Assignments.Assignments" name="completeE2EOrderFlow" time="8.510"/>
</testsuite> <!-- com.Swag_Labs.Assignments.Assignments -->
